4500 001D 093C 4000
8011 0000 C0A8 0363
C0A8 001E A191 0001
0044 0000 0809 1011
1213 1234 1234 1234
1234 2345 2345 2345
2345 3456 3456 3456
3456 4567 4567 4567
4567 5678 5678 5678
5678 6789 6789 6789
6789 7890 7890 7890 010 0
% Packet number 1 ended at time 313600 ps

4500 001D 093C 4000
8011 0000 C0A8 0163
C0A8 001E 1115 0005
0044 0000 20FE DCF0
2FED 011F 0000 0001
0001 FFFF 0000 0000 100 0
% Packet number 2 ended at time 614400 ps

4500 0054 ED37 0000
FF11 3CE8 C0A8 000A
C0A8 001E 04D2 0002
0040 96DE 7465 7374
2062 6C61 2062 6C61
2065 7465 2070 7020
4C41 5050 2068 6575
7420 6973 7420 6569
6E20 7775 6E64 6572
7363 686F 656E 6572
2074 6167 FFFF FFFF 100 0
% Packet number 3 ended at time 761600 ps

4500 002D ED37 0000
FF11 3CE8 C0A8 000A
C0A8 001E 04D2 0002
0010 96DE 1000 0001
2000 0002 0000 0000
0000 0000 0000 0000 000 0
% Packet number 4 ended at time 857600 ps

4500 003C 2F46 0000
8001 0000 C0A8 0363
C0A8 001E 0800 4D53
0001 0008 6162 6364
6566 6768 696A 6B6C
6D6E 6F70 7172 7374
7576 7761 6263 6465
6667 6869 0000 0000 100 0
% Packet number 5 ended at time 1254400 ps

4500 001D 093C 4000
8011 0000 C0A8 0361
C0A8 001E A192 0001
000C 0000 1000 0001 000 0
% Packet number 6 ended at time 1676800 ps

4500 001D 093C 4000
8011 0000 C0A8 0361
C0A8 001E A192 0002
000C 0000 1000 0001
0000 0000 0000 0000
0000 0000 0000 0000 000 0
% Packet number 7 ended at time 1817600 ps

4500 001D 093C 4000
8011 0000 8D4C 5E60
C0A8 001E A19F 0001
0035 0000 0809 1011
1213 0001 0001 0001
0001 0002 0002 0002
0002 0003 0003 0003
0003 0004 0004 0004
0004 0005 0005 0005
0005 0000 0809 12FF 001 0
% Packet number 8 ended at time 1971200 ps

4500 003C 2F46 0000
8001 0000 C0A8 0363
C0A8 001E 0800 4D53
0001 0008 6162 6364
6566 6768 696A 6B6C
6D6E 6F70 7172 7374
7576 7761 6263 6465
6667 6869 0000 0000 100 0
% Packet number 9 ended at time 2150400 ps

4500 003C 2F46 0000
8001 0000 C0A8 0363
C0A8 001E 0800 4D53
0001 0008 6162 6364
6566 6768 696A 6B6C
6D6E 6F70 7172 7374
7576 7761 6263 6465
6667 6869 0000 0000 100 0
% Packet number 10 ended at time 2278400 ps

4500 003C 2F46 0000
8001 0000 C0A8 0363
C0A8 001E 0800 4D53
0001 0008 6162 6364
6566 6768 696A 6B6C
6D6E 6F70 7172 7374
7576 7761 6263 6465
6667 6869 0000 0000 100 0
% Packet number 11 ended at time 2534400 ps
