0022 8F02 41EE 0019
9912 3956 0800 4500
001D 093C 4000 8011
0000 C0A8 0163 C0A8
001E 1115 0005 0044
0000 20FE DCF0 2FED
011F 0000 0001 4000
0005 0000 0000 0000 110 0
% Packet number 1 ended at time 332800 ps

0022 8F02 41EE 0030
6409 08FA 0800 4500
002D ED37 0000 FF11
3CE8 C0A8 000A C0A8
001E 04D2 0002 0010
96DE 1000 0001 2000
0002 0000 0000 0000
0000 0000 0000 FC52 010 0
% Packet number 2 ended at time 428800 ps

0022 8F02 41EE 0019
9912 3956 0800 4500
001D 093C 4000 8011
0000 C0A8 0163 C0A8
001E 1115 0005 0044
0000 F0DC FE20 1F01
ED2F 0100 0000 1234
5678 0000 0000 0000 110 0
% Packet number 3 ended at time 556800 ps

0022 8F02 41EE 0019
9912 3956 0800 4500
001D 093C 4000 8011
0000 C0A8 0163 C0A8
001E 1115 0005 0044
0000 20FE DCF0 2FED
011F 0000 0001 1000
0001 0000 0000 0000 110 0
% Packet number 4 ended at time 652800 ps
