0022 8F02 41EE 0019
9912 3956 0800 4500
001D 093C 4000 8011
0000 C0A8 0363 C0A8
001E A191 0001 0044
0000 0809 1011 1213
0001 0800 0604 0001
A3C2 C700 1232 C0A8
0003 0123 4567 89AB
C0A8 001E 0000 0000 100 0
% Packet number 1 ended at time 320000 ps

0001 0800 0604 0001
A3C2 C700 1232 C0A8
0603 0123 4567 89AB
C0A8 001E 0000 0000 100 0
% Packet number 2 ended at time 448000 ps

0001 0800 0604 0001
A3C2 C700 1232 C0A8
0003 0123 4567 89AB
C0A8 001E 0000 0000 100 1
% Packet number 3 ended at time 576000 ps

0022 8F02 41EE 0030
6409 08FA 0800 4500
002D ED37 0000 FF11
3CE8 C0A8 000A C0A8
001E 04D2 0002 0010
96DE 1000 0001 2000
0002 0000 0000 0000
0000 0000 0000 FC52 010 0
% Packet number 4 ended at time 627200 ps

0022 8F02 41EE B3C2
C701 1234 0806 0001
0800 0604 0002 B3C2
C701 1234 C0A8 0363
0022 8F02 41EE C0A8
001E 0000 0000 0000 100 0
% Packet number 5 ended at time 704000 ps

FFFF FFFF FFFF 0019
9912 3956 0806 0001
0800 0604 0001 0019
9912 3956 C0A8 0317
FFFF FFFF FFFF C0A8
001E 0000 0000 0000
0000 0000 0000 0000
0000 0003 2100 0000 011 0
% Packet number 6 ended at time 857600 ps

0022 8F02 41EE 0019
9912 3956 0800 4500
003C 2F46 0000 8001
0000 C0A8 0363 C0A8
001E 0800 4D53 0001
0008 6162 6364 6566
6768 696A 6B6C 6D6E
6F70 7172 7374 7576
7761 6263 6465 6667
6869 0000 0000 0000 110 0
% Packet number 7 ended at time 1004800 ps

FFFF FFFF FFFF A3C2
C700 1232 0806 0001
0800 0604 0001 A3C2
C700 1232 C0A8 0361
FFFF FFFF FFFF C0A8
001E 0000 0000 0000
0000 0000 0000 0000
0000 0003 2100 0000 011 0
% Packet number 8 ended at time 1120000 ps

0022 8F02 41EE C3C2
D701 4321 0806 0001
0800 0604 0002 C3C2
D701 4321 C0A8 000A
0022 8F02 41EE C0A8
001E 0000 0000 0000 100 0
% Packet number 9 ended at time 1228800 ps

0022 8F02 41EE 0019
9912 3956 0800 4500
001D 093C 4000 8011
0000 C0A8 0361 C0A8
001E A192 0001 000C
0000 1000 0001 FFFF 010 0
% Packet number 10 ended at time 1356800 ps

0022 8F02 41EE 0019
9912 3956 0800 4500
001D 093C 4000 8011
0000 C0A8 0361 C0A8
001E A192 0002 000C
0000 1000 0001 0000
0000 0000 0000 0000
0000 0000 0000 FC52 010 0
% Packet number 11 ended at time 1497600 ps

0022 8F02 41EE 0019
9912 3956 0800 4500
001D 093C 4000 8011
0000 8D4C 5E60 C0A8
001E A19F 0001 0035
0000 0809 1011 1213
0001 0001 0001 0001
0002 0002 0002 0002
0003 0003 0003 0003
0004 0004 0004 0004
0005 0005 0005 0005
0000 0809 12FF FFFF 011 0
% Packet number 12 ended at time 1651200 ps

0022 8F02 41EE 0019
9912 3956 0800 4500
003C 2F46 0000 8001
0000 C0A8 0363 C0A8
001E 0800 4D53 0001
0008 6162 6364 6566
6768 696A 6B6C 6D6E
6F70 7172 7374 7576
7761 6263 6465 6667
6869 0000 0000 0000 110 0
% Packet number 13 ended at time 1772800 ps

0022 8F02 41EE 0019
9912 3956 0800 4500
003C 2F46 0000 8001
0000 C0A8 0363 C0A8
001E 0800 4D53 0001
0008 6162 6364 6566
6768 696A 6B6C 6D6E
6F70 7172 7374 7576
7761 6263 6465 6667
6869 0000 0000 0000 110 0
% Packet number 14 ended at time 1894400 ps

1022 8F02 41EE 0019
9912 3956 0800 4500
003C 2F46 0000 8001
0000 C0A8 0363 C0A8
001E 0800 4D53 0001
0008 6162 6364 6566
6768 696A 6B6C 6D6E
6F70 7172 7374 7576
7761 6263 6465 6667
6869 0000 0000 0000 110 0
% Packet number 15 ended at time 2022400 ps

0022 8F02 41EE 0019
9912 3956 0800 4500
003C 2F46 0000 8001
0000 C0A8 0363 C0A8
001E 0800 4D53 0001
0008 6162 6364 6566
6768 696A 6B6C 6D6E
6F70 7172 7374 7576
7761 6263 6465 6667
6869 0000 0000 0000 110 0
% Packet number 16 ended at time 2150400 ps
