A191 0001 0044 0000
0809 1011 1213 1234
1234 1234 1234 2345
2345 2345 2345 3456
3456 3456 3456 4567
4567 4567 4567 5678
5678 5678 5678 6789
6789 6789 6789 7890
7890 7890 XXXX XXXX 110 0
% Packet number 1 ended at time 422400 ps

04D2 0002 0040 96DE
7465 7374 2062 6C61
2062 6C61 2065 7465
2070 7020 4C41 5050
2068 6575 7420 6973
7420 6569 6E20 7775
6E64 6572 7363 686F
656E 6572 2074 6167 000 0
% Packet number 2 ended at time 512000 ps

04D2 0002 0010 96DE
1000 0001 2000 0002
0000 0000 0000 0000
0000 0000 XXXX XXXX 100 0
% Packet number 3 ended at time 608000 ps

A192 0001 000C 0000
1000 0001 XXXX XXXX 100 0
% Packet number 4 ended at time 1881600 ps

A192 0002 000C 0000
1000 0001 0000 0000
0000 0000 0000 0000
0000 0000 XXXX XXXX 100 0
% Packet number 5 ended at time 1939200 ps

A191 0001 0044 0000
0809 1011 1213 1234
1234 1234 1234 2345
2345 2345 2345 3456
3456 3456 3456 4567
4567 4567 4567 5678
5678 5678 5678 6789
6789 6789 6789 7890
7890 7890 XXXX XXXX 110 0
% Packet number 6 ended at time 2694400 ps
